<?xml version="1.0" encoding="UTF-8"?>
<!-- Generated by org.testng.reporters.JUnitReportReporter -->
<testsuite hostname="WKWIN7683238" name="dropbox.webtesting.testcases.DropBoxTestCases_Upload_File" tests="1" failures="0" timestamp="1 Sep 2018 08:10:39 GMT" time="47.078" errors="0">
  <testcase name="verifyFileUploadIsSuccessful" time="47.078" classname="dropbox.webtesting.testcases.DropBoxTestCases_Upload_File"/>
</testsuite> <!-- dropbox.webtesting.testcases.DropBoxTestCases_Upload_File -->
