<?xml version="1.0" encoding="UTF-8"?>
<!-- Generated by org.testng.reporters.JUnitReportReporter -->
<testsuite hostname="WKWIN7683238" name="dropbox.webtesting.testcases.DropBoxTestCases" tests="1" failures="0" timestamp="1 Sep 2018 12:59:57 GMT" time="280.274" errors="0">
  <testcase name="verifySuccessfullyCreateFolderAndDeleted" time="280.274" classname="dropbox.webtesting.testcases.DropBoxTestCases"/>
</testsuite> <!-- dropbox.webtesting.testcases.DropBoxTestCases -->
